<?xml version="1.0" encoding="UTF-8"?>
<!-- Generated by org.testng.reporters.JUnitReportReporter -->
<testsuite hostname="admin-PC" name="ehc.bo.test.PatientBillTest" tests="1" failures="0" timestamp="20 Sep 2016 18:00:06 GMT" time="0.177" errors="0">
  <testcase name="createPatientBill" time="0.177" classname="ehc.bo.test.PatientBillTest"/>
</testsuite> <!-- ehc.bo.test.PatientBillTest -->
