<?xml version="1.0" encoding="UTF-8"?>
<!-- Generated by org.testng.reporters.JUnitReportReporter -->
<testsuite hostname="admin-PC" name="ehc.bo.test.AccountingTest" tests="2" failures="0" timestamp="20 Sep 2016 18:00:06 GMT" time="1.090" errors="0">
  <testcase name="generatePDF" time="0.869" classname="ehc.bo.test.AccountingTest"/>
  <testcase name="createExecutorAccount" time="0.221" classname="ehc.bo.test.AccountingTest"/>
</testsuite> <!-- ehc.bo.test.AccountingTest -->
