<?xml version="1.0" encoding="UTF-8"?>
<!-- Generated by org.testng.reporters.JUnitReportReporter -->
<testsuite hostname="admin-PC" name="ehc.bo.test.AppointmentSchedulerTest" tests="39" failures="0" timestamp="20 Sep 2016 18:00:06 GMT" time="11.566" errors="0">
  <testcase name="createAppointment3" time="0.425" classname="ehc.bo.test.AppointmentSchedulerTest"/>
  <testcase name="createAppointment3" time="0.461" classname="ehc.bo.test.AppointmentSchedulerTest"/>
  <testcase name="createAppointment3" time="0.424" classname="ehc.bo.test.AppointmentSchedulerTest"/>
  <testcase name="scheduleAppointment" time="0.179" classname="ehc.bo.test.AppointmentSchedulerTest"/>
  <testcase name="createAppointment3" time="0.439" classname="ehc.bo.test.AppointmentSchedulerTest"/>
  <testcase name="scheduleAppointment" time="0.174" classname="ehc.bo.test.AppointmentSchedulerTest"/>
  <testcase name="createAppointment3" time="0.457" classname="ehc.bo.test.AppointmentSchedulerTest"/>
  <testcase name="getAppointmentProposalWhenResourcesAvailable" time="0.175" classname="ehc.bo.test.AppointmentSchedulerTest"/>
  <testcase name="scheduleAppointment" time="0.229" classname="ehc.bo.test.AppointmentSchedulerTest"/>
  <testcase name="createAppointment3" time="0.232" classname="ehc.bo.test.AppointmentSchedulerTest"/>
  <testcase name="getAppointmentProposalWhenResourcesAvailable" time="0.171" classname="ehc.bo.test.AppointmentSchedulerTest"/>
  <testcase name="getAppointmentProposalWhenResourcesAvailable" time="0.157" classname="ehc.bo.test.AppointmentSchedulerTest"/>
  <testcase name="createAppointment3" time="0.257" classname="ehc.bo.test.AppointmentSchedulerTest"/>
  <testcase name="createAppointment3" time="0.567" classname="ehc.bo.test.AppointmentSchedulerTest"/>
  <testcase name="getAppointmentProposalWhenResourcesAvailable" time="0.186" classname="ehc.bo.test.AppointmentSchedulerTest"/>
  <testcase name="createAppointment3" time="0.388" classname="ehc.bo.test.AppointmentSchedulerTest"/>
  <testcase name="createAppointment3" time="0.206" classname="ehc.bo.test.AppointmentSchedulerTest"/>
  <testcase name="createAppointment3" time="0.740" classname="ehc.bo.test.AppointmentSchedulerTest"/>
  <testcase name="scheduleAppointment" time="0.137" classname="ehc.bo.test.AppointmentSchedulerTest"/>
  <testcase name="createAppointment3" time="0.425" classname="ehc.bo.test.AppointmentSchedulerTest"/>
  <testcase name="getAppointmentProposalWhenResourcesAvailable" time="0.198" classname="ehc.bo.test.AppointmentSchedulerTest"/>
  <testcase name="scheduleAppointment" time="0.198" classname="ehc.bo.test.AppointmentSchedulerTest"/>
  <testcase name="createAppointment3" time="0.415" classname="ehc.bo.test.AppointmentSchedulerTest"/>
  <testcase name="createAppointment3" time="0.417" classname="ehc.bo.test.AppointmentSchedulerTest"/>
  <testcase name="createAppointment3" time="0.406" classname="ehc.bo.test.AppointmentSchedulerTest"/>
  <testcase name="createAppointment3" time="0.601" classname="ehc.bo.test.AppointmentSchedulerTest"/>
  <testcase name="getAppointmentProposalWhenResourcesAvailable" time="0.194" classname="ehc.bo.test.AppointmentSchedulerTest"/>
  <testcase name="createAppointment3" time="0.218" classname="ehc.bo.test.AppointmentSchedulerTest"/>
  <testcase name="scheduleAppointment" time="0.256" classname="ehc.bo.test.AppointmentSchedulerTest"/>
  <testcase name="getAppointmentProposalWhenResourcesAvailable" time="0.143" classname="ehc.bo.test.AppointmentSchedulerTest"/>
  <testcase name="createAppointment3" time="0.581" classname="ehc.bo.test.AppointmentSchedulerTest"/>
  <testcase name="scheduleAppointment" time="0.171" classname="ehc.bo.test.AppointmentSchedulerTest"/>
  <testcase name="scheduleAppointment" time="0.133" classname="ehc.bo.test.AppointmentSchedulerTest"/>
  <testcase name="statistics" time="0.002" classname="ehc.bo.test.AppointmentSchedulerTest"/>
  <testcase name="createAppointment3" time="0.220" classname="ehc.bo.test.AppointmentSchedulerTest"/>
  <testcase name="createAppointment3" time="0.431" classname="ehc.bo.test.AppointmentSchedulerTest"/>
  <testcase name="getAppointmentProposalWhenResourcesAvailable" time="0.166" classname="ehc.bo.test.AppointmentSchedulerTest"/>
  <testcase name="getAppointmentProposalWhenResourcesAvailable" time="0.178" classname="ehc.bo.test.AppointmentSchedulerTest"/>
  <testcase name="scheduleAppointment" time="0.209" classname="ehc.bo.test.AppointmentSchedulerTest"/>
</testsuite> <!-- ehc.bo.test.AppointmentSchedulerTest -->
