<?xml version="1.0" encoding="UTF-8"?>
<!-- Generated by org.testng.reporters.JUnitReportReporter -->
<testsuite hostname="admin-PC" name="ehc.bo.test.AccountingTest" tests="2" failures="0" timestamp="5 Oct 2016 11:36:17 GMT" time="0.698" errors="0">
  <testcase name="generatePDF" time="0.536" classname="ehc.bo.test.AccountingTest"/>
  <testcase name="createExecutorAccount" time="0.162" classname="ehc.bo.test.AccountingTest"/>
</testsuite> <!-- ehc.bo.test.AccountingTest -->
