<?xml version="1.0" encoding="UTF-8"?>
<!-- Generated by org.testng.reporters.JUnitReportReporter -->
<testsuite hostname="admin-PC" name="ehc.bo.test.AppointmentSchedulerTest" tests="39" failures="0" timestamp="7 Sep 2016 19:07:38 GMT" time="10.691" errors="0">
  <testcase name="createAppointment" time="0.394" classname="ehc.bo.test.AppointmentSchedulerTest"/>
  <testcase name="scheduleAppointment" time="0.244" classname="ehc.bo.test.AppointmentSchedulerTest"/>
  <testcase name="scheduleAppointment" time="0.229" classname="ehc.bo.test.AppointmentSchedulerTest"/>
  <testcase name="createAppointment" time="0.430" classname="ehc.bo.test.AppointmentSchedulerTest"/>
  <testcase name="createAppointment" time="0.422" classname="ehc.bo.test.AppointmentSchedulerTest"/>
  <testcase name="createAppointment" time="0.429" classname="ehc.bo.test.AppointmentSchedulerTest"/>
  <testcase name="getAppointmentProposalWhenResourcesAvailable" time="0.243" classname="ehc.bo.test.AppointmentSchedulerTest"/>
  <testcase name="createAppointment" time="0.256" classname="ehc.bo.test.AppointmentSchedulerTest"/>
  <testcase name="createAppointment" time="0.494" classname="ehc.bo.test.AppointmentSchedulerTest"/>
  <testcase name="createAppointment" time="0.562" classname="ehc.bo.test.AppointmentSchedulerTest"/>
  <testcase name="createAppointment" time="0.484" classname="ehc.bo.test.AppointmentSchedulerTest"/>
  <testcase name="createAppointment" time="0.412" classname="ehc.bo.test.AppointmentSchedulerTest"/>
  <testcase name="getAppointmentProposalWhenResourcesAvailable" time="0.170" classname="ehc.bo.test.AppointmentSchedulerTest"/>
  <testcase name="getAppointmentProposalWhenResourcesAvailable" time="0.175" classname="ehc.bo.test.AppointmentSchedulerTest"/>
  <testcase name="createAppointment" time="0.575" classname="ehc.bo.test.AppointmentSchedulerTest"/>
  <testcase name="scheduleAppointment" time="0.217" classname="ehc.bo.test.AppointmentSchedulerTest"/>
  <testcase name="createAppointment" time="0.428" classname="ehc.bo.test.AppointmentSchedulerTest"/>
  <testcase name="getAppointmentProposalWhenResourcesAvailable" time="0.150" classname="ehc.bo.test.AppointmentSchedulerTest"/>
  <testcase name="getAppointmentProposalWhenResourcesAvailable" time="0.172" classname="ehc.bo.test.AppointmentSchedulerTest"/>
  <testcase name="getAppointmentProposalWhenResourcesAvailable" time="0.190" classname="ehc.bo.test.AppointmentSchedulerTest"/>
  <testcase name="getAppointmentProposalWhenResourcesAvailable" time="0.161" classname="ehc.bo.test.AppointmentSchedulerTest"/>
  <testcase name="createAppointment" time="0.380" classname="ehc.bo.test.AppointmentSchedulerTest"/>
  <testcase name="createAppointment" time="0.224" classname="ehc.bo.test.AppointmentSchedulerTest"/>
  <testcase name="createAppointment" time="0.207" classname="ehc.bo.test.AppointmentSchedulerTest"/>
  <testcase name="createAppointment" time="0.432" classname="ehc.bo.test.AppointmentSchedulerTest"/>
  <testcase name="createAppointment" time="0.236" classname="ehc.bo.test.AppointmentSchedulerTest"/>
  <testcase name="scheduleAppointment" time="0.238" classname="ehc.bo.test.AppointmentSchedulerTest"/>
  <testcase name="getAppointmentProposalWhenResourcesAvailable" time="0.142" classname="ehc.bo.test.AppointmentSchedulerTest"/>
  <testcase name="scheduleAppointment" time="0.278" classname="ehc.bo.test.AppointmentSchedulerTest"/>
  <testcase name="statistics" time="0.002" classname="ehc.bo.test.AppointmentSchedulerTest"/>
  <testcase name="scheduleAppointment" time="0.155" classname="ehc.bo.test.AppointmentSchedulerTest"/>
  <testcase name="getAppointmentProposalWhenResourcesAvailable" time="0.141" classname="ehc.bo.test.AppointmentSchedulerTest"/>
  <testcase name="scheduleAppointment" time="0.190" classname="ehc.bo.test.AppointmentSchedulerTest"/>
  <testcase name="createAppointment" time="0.224" classname="ehc.bo.test.AppointmentSchedulerTest"/>
  <testcase name="createAppointment" time="0.242" classname="ehc.bo.test.AppointmentSchedulerTest"/>
  <testcase name="createAppointment" time="0.221" classname="ehc.bo.test.AppointmentSchedulerTest"/>
  <testcase name="scheduleAppointment" time="0.173" classname="ehc.bo.test.AppointmentSchedulerTest"/>
  <testcase name="scheduleAppointment" time="0.174" classname="ehc.bo.test.AppointmentSchedulerTest"/>
  <testcase name="createAppointment" time="0.195" classname="ehc.bo.test.AppointmentSchedulerTest"/>
</testsuite> <!-- ehc.bo.test.AppointmentSchedulerTest -->
