<?xml version="1.0" encoding="UTF-8"?>
<!-- Generated by org.testng.reporters.JUnitReportReporter -->
<testsuite hostname="admin-PC" name="ehc.bo.test.NewTest" tests="1" failures="0" timestamp="31 Aug 2016 07:43:48 GMT" time="0.032" errors="0">
  <testcase name="f" time="0.032" classname="ehc.bo.test.NewTest"/>
</testsuite> <!-- ehc.bo.test.NewTest -->
