<?xml version="1.0" encoding="UTF-8"?>
<!-- Generated by org.testng.reporters.JUnitReportReporter -->
<testsuite hostname="admin-PC" name="ehc.bo.test.AppointmentSchedulerTest" tests="39" failures="0" timestamp="5 Oct 2016 11:36:17 GMT" time="7.731" errors="0">
  <testcase name="getAppointmentProposalWhenResourcesAvailable" time="0.096" classname="ehc.bo.test.AppointmentSchedulerTest"/>
  <testcase name="scheduleAppointment" time="0.168" classname="ehc.bo.test.AppointmentSchedulerTest"/>
  <testcase name="statistics" time="0.002" classname="ehc.bo.test.AppointmentSchedulerTest"/>
  <testcase name="createAppointment3" time="0.351" classname="ehc.bo.test.AppointmentSchedulerTest"/>
  <testcase name="scheduleAppointment" time="0.155" classname="ehc.bo.test.AppointmentSchedulerTest"/>
  <testcase name="createAppointment3" time="0.125" classname="ehc.bo.test.AppointmentSchedulerTest"/>
  <testcase name="createAppointment3" time="0.187" classname="ehc.bo.test.AppointmentSchedulerTest"/>
  <testcase name="createAppointment3" time="0.135" classname="ehc.bo.test.AppointmentSchedulerTest"/>
  <testcase name="getAppointmentProposalWhenResourcesAvailable" time="0.109" classname="ehc.bo.test.AppointmentSchedulerTest"/>
  <testcase name="createAppointment3" time="0.208" classname="ehc.bo.test.AppointmentSchedulerTest"/>
  <testcase name="createAppointment3" time="0.164" classname="ehc.bo.test.AppointmentSchedulerTest"/>
  <testcase name="createAppointment3" time="0.626" classname="ehc.bo.test.AppointmentSchedulerTest"/>
  <testcase name="createAppointment3" time="0.308" classname="ehc.bo.test.AppointmentSchedulerTest"/>
  <testcase name="createAppointment3" time="0.172" classname="ehc.bo.test.AppointmentSchedulerTest"/>
  <testcase name="scheduleAppointment" time="0.094" classname="ehc.bo.test.AppointmentSchedulerTest"/>
  <testcase name="getAppointmentProposalWhenResourcesAvailable" time="0.103" classname="ehc.bo.test.AppointmentSchedulerTest"/>
  <testcase name="getAppointmentProposalWhenResourcesAvailable" time="0.125" classname="ehc.bo.test.AppointmentSchedulerTest"/>
  <testcase name="createAppointment3" time="0.249" classname="ehc.bo.test.AppointmentSchedulerTest"/>
  <testcase name="createAppointment3" time="0.551" classname="ehc.bo.test.AppointmentSchedulerTest"/>
  <testcase name="scheduleAppointment" time="0.105" classname="ehc.bo.test.AppointmentSchedulerTest"/>
  <testcase name="getAppointmentProposalWhenResourcesAvailable" time="0.104" classname="ehc.bo.test.AppointmentSchedulerTest"/>
  <testcase name="getAppointmentProposalWhenResourcesAvailable" time="0.094" classname="ehc.bo.test.AppointmentSchedulerTest"/>
  <testcase name="scheduleAppointment" time="0.093" classname="ehc.bo.test.AppointmentSchedulerTest"/>
  <testcase name="createAppointment3" time="0.179" classname="ehc.bo.test.AppointmentSchedulerTest"/>
  <testcase name="createAppointment3" time="0.433" classname="ehc.bo.test.AppointmentSchedulerTest"/>
  <testcase name="createAppointment3" time="0.152" classname="ehc.bo.test.AppointmentSchedulerTest"/>
  <testcase name="scheduleAppointment" time="0.128" classname="ehc.bo.test.AppointmentSchedulerTest"/>
  <testcase name="scheduleAppointment" time="0.239" classname="ehc.bo.test.AppointmentSchedulerTest"/>
  <testcase name="createAppointment3" time="0.417" classname="ehc.bo.test.AppointmentSchedulerTest"/>
  <testcase name="getAppointmentProposalWhenResourcesAvailable" time="0.117" classname="ehc.bo.test.AppointmentSchedulerTest"/>
  <testcase name="createAppointment3" time="0.380" classname="ehc.bo.test.AppointmentSchedulerTest"/>
  <testcase name="createAppointment3" time="0.187" classname="ehc.bo.test.AppointmentSchedulerTest"/>
  <testcase name="createAppointment3" time="0.199" classname="ehc.bo.test.AppointmentSchedulerTest"/>
  <testcase name="getAppointmentProposalWhenResourcesAvailable" time="0.086" classname="ehc.bo.test.AppointmentSchedulerTest"/>
  <testcase name="createAppointment3" time="0.188" classname="ehc.bo.test.AppointmentSchedulerTest"/>
  <testcase name="scheduleAppointment" time="0.094" classname="ehc.bo.test.AppointmentSchedulerTest"/>
  <testcase name="scheduleAppointment" time="0.095" classname="ehc.bo.test.AppointmentSchedulerTest"/>
  <testcase name="getAppointmentProposalWhenResourcesAvailable" time="0.100" classname="ehc.bo.test.AppointmentSchedulerTest"/>
  <testcase name="createAppointment3" time="0.413" classname="ehc.bo.test.AppointmentSchedulerTest"/>
</testsuite> <!-- ehc.bo.test.AppointmentSchedulerTest -->
