<?xml version="1.0" encoding="UTF-8"?>
<!-- Generated by org.testng.reporters.JUnitReportReporter -->
<testsuite hostname="admin-PC" name="ehc.bo.test.AccountingTest" tests="1" failures="0" timestamp="7 Sep 2016 19:17:12 GMT" time="0.241" errors="0">
  <testcase name="createExecutorAccount" time="0.241" classname="ehc.bo.test.AccountingTest"/>
</testsuite> <!-- ehc.bo.test.AccountingTest -->
