<?xml version="1.0" encoding="UTF-8"?>
<!-- Generated by org.testng.reporters.JUnitReportReporter -->
<testsuite hostname="admin-PC" name="ehc.bo.test.PatientBillTest" tests="1" failures="0" timestamp="5 Oct 2016 11:36:17 GMT" time="0.146" errors="0">
  <testcase name="createPatientBill" time="0.146" classname="ehc.bo.test.PatientBillTest"/>
</testsuite> <!-- ehc.bo.test.PatientBillTest -->
